\BOOKMARK [0][-]{chapter.1}{Needleman Wunsch}{}% 1
\BOOKMARK [1][-]{section.1.1}{Introduction}{chapter.1}% 2
\BOOKMARK [1][-]{section.1.2}{A general method for sequence comparison}{chapter.1}% 3
\BOOKMARK [1][-]{section.1.3}{Evaluating the significance of the maximum match}{chapter.1}% 4
\BOOKMARK [1][-]{section.1.4}{Cell values and weighting factors}{chapter.1}% 5
\BOOKMARK [0][-]{chapter.2}{Smith Watermann}{}% 6
\BOOKMARK [1][-]{section.2.1}{Introduction}{chapter.2}% 7
\BOOKMARK [1][-]{section.2.2}{Algorithm}{chapter.2}% 8
\BOOKMARK [0][-]{chapter.3}{PAM - a model of evolutionary change in proteins}{}% 9
\BOOKMARK [1][-]{section.3.1}{Accepted point mutation}{chapter.3}% 10
\BOOKMARK [1][-]{section.3.2}{Mutability of amino acids}{chapter.3}% 11
\BOOKMARK [1][-]{section.3.3}{Mutation probability matrix for the evolutionary distance of one PAM}{chapter.3}% 12
\BOOKMARK [0][-]{chapter.4}{BLOSUM}{}% 13
\BOOKMARK [1][-]{section.4.1}{Introduction}{chapter.4}% 14
\BOOKMARK [2][-]{subsection.4.1.1}{Abstrac}{section.4.1}% 15
\BOOKMARK [2][-]{subsection.4.1.2}{Introduction}{section.4.1}% 16
\BOOKMARK [1][-]{section.4.2}{Methods}{chapter.4}% 17
\BOOKMARK [2][-]{subsection.4.2.1}{Deriving a frequency table from a data base blocks}{section.4.2}% 18
\BOOKMARK [2][-]{subsection.4.2.2}{Computing a logarithm of odds matrix}{section.4.2}% 19
\BOOKMARK [2][-]{subsection.4.2.3}{Clustering segments within blocks}{section.4.2}% 20
\BOOKMARK [2][-]{subsection.4.2.4}{Constructing blocks data bases}{section.4.2}% 21
\BOOKMARK [2][-]{subsection.4.2.5}{Alignments and homology searches}{section.4.2}% 22
\BOOKMARK [1][-]{section.4.3}{Results}{chapter.4}% 23
\BOOKMARK [2][-]{subsection.4.3.1}{Comparison to Dayhoff matrices}{section.4.3}% 24
\BOOKMARK [2][-]{subsection.4.3.2}{Performance in multiple alignment of known structures}{section.4.3}% 25
\BOOKMARK [2][-]{subsection.4.3.3}{Performance in searching for homology in sequence data banks}{section.4.3}% 26
\BOOKMARK [0][-]{chapter.5}{FASTA}{}% 27
\BOOKMARK [0][-]{chapter.6}{BLAST}{}% 28
\BOOKMARK [0][-]{chapter.7}{How to BLAST}{}% 29
\BOOKMARK [0][-]{chapter.8}{Gapped BLAST and PSI BLAST}{}% 30
\BOOKMARK [0][-]{chapter.9}{PSI BLAST Composition-Based Statistics}{}% 31
\BOOKMARK [0][-]{chapter.10}{CLUSTAL-W}{}% 32
\BOOKMARK [1][-]{section.10.1}{Introduction}{chapter.10}% 33
\BOOKMARK [2][-]{subsection.10.1.1}{Local minimum problem}{section.10.1}% 34
\BOOKMARK [2][-]{subsection.10.1.2}{The choice of alignment parameters}{section.10.1}% 35
\BOOKMARK [1][-]{section.10.2}{Alignment method}{chapter.10}% 36
\BOOKMARK [2][-]{subsection.10.2.1}{The distance matrix}{section.10.2}% 37
\BOOKMARK [2][-]{subsection.10.2.2}{The guide tree}{section.10.2}% 38
\BOOKMARK [2][-]{subsection.10.2.3}{Progressive alignment}{section.10.2}% 39
\BOOKMARK [1][-]{section.10.3}{Improvements to progressive alignment}{chapter.10}% 40
\BOOKMARK [2][-]{subsection.10.3.1}{Sequence weighting}{section.10.3}% 41
\BOOKMARK [2][-]{subsection.10.3.2}{Gap penalties}{section.10.3}% 42
\BOOKMARK [2][-]{subsection.10.3.3}{Weight matrices}{section.10.3}% 43
\BOOKMARK [2][-]{subsection.10.3.4}{Divergent sequences}{section.10.3}% 44
\BOOKMARK [1][-]{section.10.4}{Discussion}{chapter.10}% 45
\BOOKMARK [0][-]{chapter.11}{T-COFFEE}{}% 46
\BOOKMARK [1][-]{section.11.1}{Introduction}{chapter.11}% 47
\BOOKMARK [1][-]{section.11.2}{T-Coffee Algorithm}{chapter.11}% 48
\BOOKMARK [2][-]{subsection.11.2.1}{Generating a primary library of alignments}{section.11.2}% 49
\BOOKMARK [2][-]{subsection.11.2.2}{Derivation of the primary library weights}{section.11.2}% 50
\BOOKMARK [2][-]{subsection.11.2.3}{Combination of the libraries}{section.11.2}% 51
\BOOKMARK [2][-]{subsection.11.2.4}{Extending the library}{section.11.2}% 52
\BOOKMARK [2][-]{subsection.11.2.5}{Progressive alignment strategy}{section.11.2}% 53
\BOOKMARK [1][-]{section.11.3}{Discussion}{chapter.11}% 54
\BOOKMARK [0][-]{chapter.12}{Protein profiles with HMMs}{}% 55
\BOOKMARK [1][-]{section.12.1}{Introduction}{chapter.12}% 56
\BOOKMARK [1][-]{section.12.2}{The protein HMM}{chapter.12}% 57
\BOOKMARK [1][-]{section.12.3}{Estimating the HMM}{chapter.12}% 58
\BOOKMARK [2][-]{subsection.12.3.1}{The distance from sequence to model}{section.12.3}% 59
\BOOKMARK [2][-]{subsection.12.3.2}{Estimation algorithm}{section.12.3}% 60
\BOOKMARK [2][-]{subsection.12.3.3}{Choosing the length of the model}{section.12.3}% 61
\BOOKMARK [2][-]{subsection.12.3.4}{Over-fitting and regularization}{section.12.3}% 62
\BOOKMARK [1][-]{section.12.4}{Conclusions}{chapter.12}% 63
\BOOKMARK [0][-]{chapter.13}{Construction of phylogenetic trees}{}% 64
\BOOKMARK [0][-]{chapter.14}{Toward defining the course of evolution: minimum change for a specific tree topology}{}% 65
\BOOKMARK [0][-]{chapter.15}{Evolutionary Trees from DNA Sequences: A Maximum Likelihood Approach}{}% 66
